[35m[Appium][39m Welcome to Appium v1.22.3
[35m[Appium][39m Non-default server args:
[35m[Appium][39m   port: 59458
[35m[Appium][39m   loglevel: info
[35m[Appium][39m   tmpDir: C:\Users\User\AppData\Local\Temp\\Katalon\Appium\Temp1667879796270
[35m[Appium][39m   chromedriverPort: 59459
[35m[Appium][39m Deprecated server args:
[35m[Appium][39m   [31m--chromedriver-port[39m => --default-capabilities
[35m[Appium][39m Default capabilities, which will be added to each request unless overridden by desired capabilities:
[35m[Appium][39m   chromedriverPort: 59459
[35m[Appium][39m Appium REST http interface listener started on 0.0.0.0:59458
[35m[HTTP][39m [37m-->[39m [37mGET[39m [37m/wd/hub/status[39m
[35m[HTTP][39m [90m{}[39m
[35m[HTTP][39m [37m<-- GET /wd/hub/status [39m[32m200[39m [90m6 ms - 68[39m
[35m[HTTP][39m [90m[39m
[35m[HTTP][39m [37m-->[39m [37mGET[39m [37m/wd/hub/status[39m
[35m[HTTP][39m [90m{}[39m
[35m[HTTP][39m [37m<-- GET /wd/hub/status [39m[32m200[39m [90m1 ms - 68[39m
[35m[HTTP][39m [90m[39m
[35m[HTTP][39m [37m-->[39m [37mPOST[39m [37m/wd/hub/session[39m
[35m[HTTP][39m [90m{"desiredCapabilities":{"app":"E:\\Semester 7\\Alterra\\Materi\\Mini Projek\\app-release.apk","noReset":true,"deviceName":"emulator-5554 (sdk_gphone_x86 - Android 11)","fullReset":false,"platform":"ANDROID","newCommandTimeout":1800,"platformVersion":"11","automationName":"uiautomator2","autoGrantPermissions":true,"platformName":"Android","udid":"emulator-5554","systemPort":59474},"capabilities":{"firstMatch":[{"appium:app":"E:\\Semester 7\\Alterra\\Materi\\Mini Projek\\app-release.apk","appium:autoGrantPermissions":true,"appium:automationName":"uiautomator2","appium:deviceName":"emulator-5554 (sdk_gphone_x86 - Android 11)","appium:fullReset":false,"appium:newCommandTimeout":1800,"appium:noReset":true,"platform":"ANDROID","platformName":"android","appium:platformVersion":"11","appium:systemPort":59474,"appium:udid":"emulator-5554"}]}}[39m
[35m[BaseDriver][39m The following capabilities are not standard capabilities and should have an extension prefix:
[35m[BaseDriver][39m   platform
[35m[BaseDriver][39m   chromedriverPort
[35m[Appium][39m Appium v1.22.3 creating new AndroidUiautomator2Driver (v1.70.1) session
[35m[BaseDriver][39m The following capabilities were provided, but are not recognized by Appium:
[35m[BaseDriver][39m   platform
[35m[BaseDriver][39m Session created with session id: 579395bb-1a6e-42a8-b08e-33ab0e67896b
[35m[BaseDriver][39m Using local app 'E:\Semester 7\Alterra\Materi\Mini Projek\app-release.apk'
[35m[ADB][39m Found 4 'build-tools' folders under 'C:\Users\User\AppData\Local\Android\Sdk' (newest first):
[35m[ADB][39m     C:/Users/User/AppData/Local/Android/Sdk/build-tools/32.1.0-rc1
[35m[ADB][39m     C:/Users/User/AppData/Local/Android/Sdk/build-tools/32.0.0
[35m[ADB][39m     C:/Users/User/AppData/Local/Android/Sdk/build-tools/30.0.3
[35m[ADB][39m     C:/Users/User/AppData/Local/Android/Sdk/build-tools/30.0.2
[35m[ADB][39m Using 'adb.exe' from 'C:\Users\User\AppData\Local\Android\Sdk\platform-tools\adb.exe'
[35m[AndroidDriver][39m Retrieving device list
[35m[AndroidDriver][39m Using device: emulator-5554
[35m[ADB][39m Using 'adb.exe' from 'C:\Users\User\AppData\Local\Android\Sdk\platform-tools\adb.exe'
[35m[ADB][39m Getting device platform version
[35m[UiAutomator2][39m Relaxing hidden api policy
[35m[ADB][39m Package name: 'com.example.frontend_mobile'
[35m[ADB][39m Main activity name: 'com.example.frontend_mobile.MainActivity'
[35m[ADB][39m Using 'apksigner.jar' from 'C:\Users\User\AppData\Local\Android\Sdk\build-tools\32.1.0-rc1\lib\apksigner.jar'
[35m[ADB][39m 'C:\Users\User\AppData\Roaming\npm\node_modules\appium\node_modules\appium-uiautomator2-server\apks\appium-uiautomator2-server-v4.27.0.apk' is signed with the default certificate
[35m[ADB][39m 'C:\Users\User\AppData\Roaming\npm\node_modules\appium\node_modules\appium-uiautomator2-server\apks\appium-uiautomator2-server-debug-androidTest.apk' is signed with the default certificate
[35m[UiAutomator2][39m Server packages are not going to be (re)installed
[35m[ADB][39m Adding packages ["io.appium.settings","io.appium.uiautomator2.server","io.appium.uiautomator2.server.test"] to Doze whitelist
[35m[ADB][39m 'E:\Semester 7\Alterra\Materi\Mini Projek\app-release.apk' is signed with a non-default certificate
[35m[ADB][39m The application at 'E:\Semester 7\Alterra\Materi\Mini Projek\app-release.apk' will not be cached, because the device under test has confirmed the support of streamed installs
[35m[ADB][39m The installation of 'app-release.apk' took 607ms
[35m[UiAutomator2][39m Starting UIAutomator2 server 4.27.0
[35m[UiAutomator2][39m Using UIAutomator2 server from 'C:\Users\User\AppData\Roaming\npm\node_modules\appium\node_modules\appium-uiautomator2-server\apks\appium-uiautomator2-server-v4.27.0.apk' and test from 'C:\Users\User\AppData\Roaming\npm\node_modules\appium\node_modules\appium-uiautomator2-server\apks\appium-uiautomator2-server-debug-androidTest.apk'
[35m[UiAutomator2][39m Waiting up to 30000ms for UiAutomator2 to be online...
[35m[WD Proxy][39m socket hang up
[35m[WD Proxy][39m socket hang up
[35m[WD Proxy][39m socket hang up
[35m[WD Proxy][39m Determined the downstream protocol as 'W3C'
[35m[AndroidDriver][39m Screen already unlocked, doing nothing
[35m[UiAutomator2][39m Starting 'com.example.frontend_mobile/com.example.frontend_mobile.MainActivity and waiting for 'com.example.frontend_mobile/com.example.frontend_mobile.MainActivity'
[35m[Appium][39m New AndroidUiautomator2Driver session created successfully, session 579395bb-1a6e-42a8-b08e-33ab0e67896b added to master session list
[35m[HTTP][39m [37m<-- POST /wd/hub/session [39m[32m200[39m [90m15783 ms - 1311[39m
[35m[HTTP][39m [90m[39m
[35m[HTTP][39m [37m-->[39m [37mGET[39m [37m/wd/hub/session/579395bb-1a6e-42a8-b08e-33ab0e67896b[39m
[35m[HTTP][39m [90m{}[39m
[35m[HTTP][39m [37m<-- GET /wd/hub/session/579395bb-1a6e-42a8-b08e-33ab0e67896b [39m[32m200[39m [90m13 ms - 1265[39m
[35m[HTTP][39m [90m[39m
[35m[HTTP][39m [37m-->[39m [37mGET[39m [37m/wd/hub/session/579395bb-1a6e-42a8-b08e-33ab0e67896b[39m
[35m[HTTP][39m [90m{}[39m
[35m[HTTP][39m [37m<-- GET /wd/hub/session/579395bb-1a6e-42a8-b08e-33ab0e67896b [39m[32m200[39m [90m16 ms - 1265[39m
[35m[HTTP][39m [90m[39m
[35m[HTTP][39m [37m-->[39m [37mGET[39m [37m/wd/hub/status[39m
[35m[HTTP][39m [90m{}[39m
[35m[HTTP][39m [37m<-- GET /wd/hub/status [39m[32m200[39m [90m2 ms - 68[39m
[35m[HTTP][39m [90m[39m
[35m[HTTP][39m [37m-->[39m [37mPOST[39m [37m/wd/hub/session/579395bb-1a6e-42a8-b08e-33ab0e67896b/timeouts[39m
[35m[HTTP][39m [90m{"implicit":60000}[39m
[35m[HTTP][39m [37m<-- POST /wd/hub/session/579395bb-1a6e-42a8-b08e-33ab0e67896b/timeouts [39m[32m200[39m [90m3 ms - 14[39m
[35m[HTTP][39m [90m[39m
[35m[HTTP][39m [37m-->[39m [37mGET[39m [37m/wd/hub/session/579395bb-1a6e-42a8-b08e-33ab0e67896b/source[39m
[35m[HTTP][39m [90m{}[39m
[35m[W3C (579395bb)][39m Driver proxy active, passing request on via HTTP proxy
[35m[WD Proxy][39m Replacing sessionId 033d6950-eedc-4561-bf5f-bfb800405d6a with 579395bb-1a6e-42a8-b08e-33ab0e67896b
[35m[HTTP][39m [37m<-- GET /wd/hub/session/579395bb-1a6e-42a8-b08e-33ab0e67896b/source [39m[32m200[39m [90m134 ms - 5713[39m
[35m[HTTP][39m [90m[39m
[35m[HTTP][39m [37m-->[39m [37mGET[39m [37m/wd/hub/session/579395bb-1a6e-42a8-b08e-33ab0e67896b/screenshot[39m
[35m[HTTP][39m [90m{}[39m
[35m[HTTP][39m [37m<-- GET /wd/hub/session/579395bb-1a6e-42a8-b08e-33ab0e67896b/screenshot [39m[32m200[39m [90m874 ms - 62096[39m
[35m[HTTP][39m [90m[39m
[35m[HTTP][39m [37m-->[39m [37mGET[39m [37m/wd/hub/session/579395bb-1a6e-42a8-b08e-33ab0e67896b/source[39m
[35m[HTTP][39m [90m{}[39m
[35m[W3C (579395bb)][39m Driver proxy active, passing request on via HTTP proxy
[35m[WD Proxy][39m Replacing sessionId 033d6950-eedc-4561-bf5f-bfb800405d6a with 579395bb-1a6e-42a8-b08e-33ab0e67896b
[35m[HTTP][39m [37m<-- GET /wd/hub/session/579395bb-1a6e-42a8-b08e-33ab0e67896b/source [39m[32m200[39m [90m85 ms - 16230[39m
[35m[HTTP][39m [90m[39m
[35m[HTTP][39m [37m-->[39m [37mGET[39m [37m/wd/hub/session/579395bb-1a6e-42a8-b08e-33ab0e67896b/screenshot[39m
[35m[HTTP][39m [90m{}[39m
[35m[HTTP][39m [37m<-- GET /wd/hub/session/579395bb-1a6e-42a8-b08e-33ab0e67896b/screenshot [39m[32m200[39m [90m276 ms - 203376[39m
[35m[HTTP][39m [90m[39m
[35m[HTTP][39m [37m-->[39m [37mPOST[39m [37m/wd/hub/session/579395bb-1a6e-42a8-b08e-33ab0e67896b/elements[39m
[35m[HTTP][39m [90m{"using":"xpath","value":"//*[@class = 'android.widget.Button' and @resource-id = '' and (@text = '' or . = '')]"}[39m
[35m[HTTP][39m [37m<-- POST /wd/hub/session/579395bb-1a6e-42a8-b08e-33ab0e67896b/elements [39m[32m200[39m [90m683 ms - 779[39m
[35m[HTTP][39m [90m[39m
[35m[HTTP][39m [37m-->[39m [37mPOST[39m [37m/wd/hub/session/579395bb-1a6e-42a8-b08e-33ab0e67896b/elements[39m
[35m[HTTP][39m [90m{"using":"-android uiautomator","value":"new UiSelector().className(\"android.widget.Button\").resourceId(\"\")"}[39m
[35m[HTTP][39m [37m<-- POST /wd/hub/session/579395bb-1a6e-42a8-b08e-33ab0e67896b/elements [39m[32m200[39m [90m115 ms - 779[39m
[35m[HTTP][39m [90m[39m
[35m[HTTP][39m [37m-->[39m [37mGET[39m [37m/wd/hub/session/579395bb-1a6e-42a8-b08e-33ab0e67896b/window/rect[39m
[35m[HTTP][39m [90m{}[39m
[35m[HTTP][39m [37m<-- GET /wd/hub/session/579395bb-1a6e-42a8-b08e-33ab0e67896b/window/rect [39m[32m200[39m [90m14 ms - 50[39m
[35m[HTTP][39m [90m[39m
[35m[HTTP][39m [37m-->[39m [37mPOST[39m [37m/wd/hub/session/579395bb-1a6e-42a8-b08e-33ab0e67896b/elements[39m
[35m[HTTP][39m [90m{"using":"xpath","value":"//hierarchy/android.widget.FrameLayout[1]/android.widget.LinearLayout[1]/android.widget.FrameLayout[1]/android.widget.FrameLayout[1]/android.view.View[1]/android.view.View[1]/android.view.View[1]/android.view.View[1]/android.view.View[1]/android.widget.Button[1]"}[39m
[35m[HTTP][39m [37m<-- POST /wd/hub/session/579395bb-1a6e-42a8-b08e-33ab0e67896b/elements [39m[32m200[39m [90m149 ms - 139[39m
[35m[HTTP][39m [90m[39m
[35m[HTTP][39m [37m-->[39m [37mGET[39m [37m/wd/hub/session/579395bb-1a6e-42a8-b08e-33ab0e67896b/element/00000000-0000-008d-0000-000700000003/location[39m
[35m[HTTP][39m [90m{}[39m
[35m[W3C (579395bb)][39m Driver proxy active, passing request on via HTTP proxy
[35m[WD Proxy][39m Replacing sessionId 033d6950-eedc-4561-bf5f-bfb800405d6a with 579395bb-1a6e-42a8-b08e-33ab0e67896b
[35m[HTTP][39m [37m<-- GET /wd/hub/session/579395bb-1a6e-42a8-b08e-33ab0e67896b/element/00000000-0000-008d-0000-000700000003/location [39m[32m200[39m [90m21 ms - 77[39m
[35m[HTTP][39m [90m[39m
[35m[HTTP][39m [37m-->[39m [37mPOST[39m [37m/wd/hub/session/579395bb-1a6e-42a8-b08e-33ab0e67896b/element/00000000-0000-008d-0000-000700000003/click[39m
[35m[HTTP][39m [90m{"id":"00000000-0000-008d-0000-000700000003"}[39m
[35m[HTTP][39m [37m<-- POST /wd/hub/session/579395bb-1a6e-42a8-b08e-33ab0e67896b/element/00000000-0000-008d-0000-000700000003/click [39m[32m200[39m [90m53 ms - 14[39m
[35m[HTTP][39m [90m[39m
[35m[HTTP][39m [37m-->[39m [37mGET[39m [37m/wd/hub/session/579395bb-1a6e-42a8-b08e-33ab0e67896b/source[39m
[35m[HTTP][39m [90m{}[39m
[35m[W3C (579395bb)][39m Driver proxy active, passing request on via HTTP proxy
[35m[WD Proxy][39m Replacing sessionId 033d6950-eedc-4561-bf5f-bfb800405d6a with 579395bb-1a6e-42a8-b08e-33ab0e67896b
[35m[HTTP][39m [37m<-- GET /wd/hub/session/579395bb-1a6e-42a8-b08e-33ab0e67896b/source [39m[32m200[39m [90m296 ms - 3167[39m
[35m[HTTP][39m [90m[39m
[35m[HTTP][39m [37m-->[39m [37mGET[39m [37m/wd/hub/session/579395bb-1a6e-42a8-b08e-33ab0e67896b/screenshot[39m
[35m[HTTP][39m [90m{}[39m
[35m[HTTP][39m [37m<-- GET /wd/hub/session/579395bb-1a6e-42a8-b08e-33ab0e67896b/screenshot [39m[32m200[39m [90m718 ms - 71592[39m
[35m[HTTP][39m [90m[39m
[35m[HTTP][39m [37m-->[39m [37mPOST[39m [37m/wd/hub/session/579395bb-1a6e-42a8-b08e-33ab0e67896b/elements[39m
[35m[HTTP][39m [90m{"using":"xpath","value":"//*[@class = 'android.view.View' and @resource-id = '' and (@text = '' or . = '')]"}[39m
[35m[HTTP][39m [37m<-- POST /wd/hub/session/579395bb-1a6e-42a8-b08e-33ab0e67896b/elements [39m[32m200[39m [90m43 ms - 907[39m
[35m[HTTP][39m [90m[39m
[35m[HTTP][39m [37m-->[39m [37mPOST[39m [37m/wd/hub/session/579395bb-1a6e-42a8-b08e-33ab0e67896b/elements[39m
[35m[HTTP][39m [90m{"using":"-android uiautomator","value":"new UiSelector().className(\"android.view.View\").resourceId(\"\")"}[39m
[35m[HTTP][39m [37m<-- POST /wd/hub/session/579395bb-1a6e-42a8-b08e-33ab0e67896b/elements [39m[32m200[39m [90m42 ms - 907[39m
[35m[HTTP][39m [90m[39m
[35m[HTTP][39m [37m-->[39m [37mGET[39m [37m/wd/hub/session/579395bb-1a6e-42a8-b08e-33ab0e67896b/window/rect[39m
[35m[HTTP][39m [90m{}[39m
[35m[HTTP][39m [37m<-- GET /wd/hub/session/579395bb-1a6e-42a8-b08e-33ab0e67896b/window/rect [39m[32m200[39m [90m14 ms - 50[39m
[35m[HTTP][39m [90m[39m
[35m[HTTP][39m [37m-->[39m [37mPOST[39m [37m/wd/hub/session/579395bb-1a6e-42a8-b08e-33ab0e67896b/elements[39m
[35m[HTTP][39m [90m{"using":"xpath","value":"//hierarchy/android.widget.FrameLayout[1]/android.widget.LinearLayout[1]/android.widget.FrameLayout[1]/android.widget.FrameLayout[1]/android.view.View[1]/android.view.View[1]/android.view.View[1]"}[39m
[35m[HTTP][39m [37m<-- POST /wd/hub/session/579395bb-1a6e-42a8-b08e-33ab0e67896b/elements [39m[32m200[39m [90m35 ms - 139[39m
[35m[HTTP][39m [90m[39m
[35m[HTTP][39m [37m-->[39m [37mGET[39m [37m/wd/hub/session/579395bb-1a6e-42a8-b08e-33ab0e67896b/element/00000000-0000-008d-0000-002900000003/location[39m
[35m[HTTP][39m [90m{}[39m
[35m[W3C (579395bb)][39m Driver proxy active, passing request on via HTTP proxy
[35m[WD Proxy][39m Replacing sessionId 033d6950-eedc-4561-bf5f-bfb800405d6a with 579395bb-1a6e-42a8-b08e-33ab0e67896b
[35m[HTTP][39m [37m<-- GET /wd/hub/session/579395bb-1a6e-42a8-b08e-33ab0e67896b/element/00000000-0000-008d-0000-002900000003/location [39m[32m200[39m [90m16 ms - 74[39m
[35m[HTTP][39m [90m[39m
[35m[HTTP][39m [37m-->[39m [37mPOST[39m [37m/wd/hub/session/579395bb-1a6e-42a8-b08e-33ab0e67896b/element/00000000-0000-008d-0000-002900000003/click[39m
[35m[HTTP][39m [90m{"id":"00000000-0000-008d-0000-002900000003"}[39m
[35m[HTTP][39m [37m<-- POST /wd/hub/session/579395bb-1a6e-42a8-b08e-33ab0e67896b/element/00000000-0000-008d-0000-002900000003/click [39m[32m200[39m [90m40 ms - 14[39m
[35m[HTTP][39m [90m[39m
[35m[HTTP][39m [37m-->[39m [37mGET[39m [37m/wd/hub/session/579395bb-1a6e-42a8-b08e-33ab0e67896b/source[39m
[35m[HTTP][39m [90m{}[39m
[35m[W3C (579395bb)][39m Driver proxy active, passing request on via HTTP proxy
[35m[WD Proxy][39m Replacing sessionId 033d6950-eedc-4561-bf5f-bfb800405d6a with 579395bb-1a6e-42a8-b08e-33ab0e67896b
[35m[HTTP][39m [37m<-- GET /wd/hub/session/579395bb-1a6e-42a8-b08e-33ab0e67896b/source [39m[32m200[39m [90m27 ms - 6995[39m
[35m[HTTP][39m [90m[39m
[35m[HTTP][39m [37m-->[39m [37mGET[39m [37m/wd/hub/session/579395bb-1a6e-42a8-b08e-33ab0e67896b/screenshot[39m
[35m[HTTP][39m [90m{}[39m
[35m[HTTP][39m [37m<-- GET /wd/hub/session/579395bb-1a6e-42a8-b08e-33ab0e67896b/screenshot [39m[32m200[39m [90m440 ms - 71592[39m
[35m[HTTP][39m [90m[39m
[35m[HTTP][39m [37m-->[39m [37mPOST[39m [37m/wd/hub/session/579395bb-1a6e-42a8-b08e-33ab0e67896b/elements[39m
[35m[HTTP][39m [90m{"using":"xpath","value":"//*[@class = 'android.widget.EditText' and (@text = 'Email' or . = 'Email') and @resource-id = '']"}[39m
[35m[HTTP][39m [37m<-- POST /wd/hub/session/579395bb-1a6e-42a8-b08e-33ab0e67896b/elements [39m[32m200[39m [90m40 ms - 139[39m
[35m[HTTP][39m [90m[39m
[35m[HTTP][39m [37m-->[39m [37mGET[39m [37m/wd/hub/session/579395bb-1a6e-42a8-b08e-33ab0e67896b/window/rect[39m
[35m[HTTP][39m [90m{}[39m
[35m[HTTP][39m [37m<-- GET /wd/hub/session/579395bb-1a6e-42a8-b08e-33ab0e67896b/window/rect [39m[32m200[39m [90m10 ms - 50[39m
[35m[HTTP][39m [90m[39m
[35m[HTTP][39m [37m-->[39m [37mPOST[39m [37m/wd/hub/session/579395bb-1a6e-42a8-b08e-33ab0e67896b/elements[39m
[35m[HTTP][39m [90m{"using":"xpath","value":"//*[@class = 'android.widget.EditText' and (@text = 'Email' or . = 'Email') and @resource-id = '']"}[39m
[35m[HTTP][39m [37m<-- POST /wd/hub/session/579395bb-1a6e-42a8-b08e-33ab0e67896b/elements [39m[32m200[39m [90m56 ms - 139[39m
[35m[HTTP][39m [90m[39m
[35m[HTTP][39m [37m-->[39m [37mGET[39m [37m/wd/hub/session/579395bb-1a6e-42a8-b08e-33ab0e67896b/element/00000000-0000-008d-0000-002b00000003/location[39m
[35m[HTTP][39m [90m{}[39m
[35m[W3C (579395bb)][39m Driver proxy active, passing request on via HTTP proxy
[35m[WD Proxy][39m Replacing sessionId 033d6950-eedc-4561-bf5f-bfb800405d6a with 579395bb-1a6e-42a8-b08e-33ab0e67896b
[35m[HTTP][39m [37m<-- GET /wd/hub/session/579395bb-1a6e-42a8-b08e-33ab0e67896b/element/00000000-0000-008d-0000-002b00000003/location [39m[32m200[39m [90m17 ms - 77[39m
[35m[HTTP][39m [90m[39m
[35m[HTTP][39m [37m-->[39m [37mPOST[39m [37m/wd/hub/session/579395bb-1a6e-42a8-b08e-33ab0e67896b/element/00000000-0000-008d-0000-002b00000003/clear[39m
[35m[HTTP][39m [90m{"id":"00000000-0000-008d-0000-002b00000003"}[39m
[35m[HTTP][39m [37m<-- POST /wd/hub/session/579395bb-1a6e-42a8-b08e-33ab0e67896b/element/00000000-0000-008d-0000-002b00000003/clear [39m[32m200[39m [90m19 ms - 14[39m
[35m[HTTP][39m [90m[39m
[35m[HTTP][39m [37m-->[39m [37mPOST[39m [37m/wd/hub/session/579395bb-1a6e-42a8-b08e-33ab0e67896b/element/00000000-0000-008d-0000-002b00000003/value[39m
[35m[HTTP][39m [90m{"id":"00000000-0000-008d-0000-002b00000003","text":"radengunado@gmail.com","value":["r","a","d","e","n","g","u","n","a","d","o","@","g","m","a","i","l",".","c","o","m"]}[39m
[35m[HTTP][39m [37m<-- POST /wd/hub/session/579395bb-1a6e-42a8-b08e-33ab0e67896b/element/00000000-0000-008d-0000-002b00000003/value [39m[32m200[39m [90m37 ms - 14[39m
[35m[HTTP][39m [90m[39m
[35m[HTTP][39m [37m-->[39m [37mGET[39m [37m/wd/hub/session/579395bb-1a6e-42a8-b08e-33ab0e67896b/source[39m
[35m[HTTP][39m [90m{}[39m
[35m[W3C (579395bb)][39m Driver proxy active, passing request on via HTTP proxy
[35m[WD Proxy][39m Replacing sessionId 033d6950-eedc-4561-bf5f-bfb800405d6a with 579395bb-1a6e-42a8-b08e-33ab0e67896b
[35m[HTTP][39m [37m<-- GET /wd/hub/session/579395bb-1a6e-42a8-b08e-33ab0e67896b/source [39m[32m200[39m [90m31 ms - 7018[39m
[35m[HTTP][39m [90m[39m
[35m[HTTP][39m [37m-->[39m [37mGET[39m [37m/wd/hub/session/579395bb-1a6e-42a8-b08e-33ab0e67896b/screenshot[39m
[35m[HTTP][39m [90m{}[39m
[35m[HTTP][39m [37m<-- GET /wd/hub/session/579395bb-1a6e-42a8-b08e-33ab0e67896b/screenshot [39m[32m200[39m [90m254 ms - 71592[39m
[35m[HTTP][39m [90m[39m
[35m[HTTP][39m [37m-->[39m [37mPOST[39m [37m/wd/hub/session/579395bb-1a6e-42a8-b08e-33ab0e67896b/elements[39m
[35m[HTTP][39m [90m{"using":"xpath","value":"//*[@class = 'android.widget.EditText' and (@text = 'radengunado@gmail.com, Email' or . = 'radengunado@gmail.com, Email') and @resource-id = '']"}[39m
[35m[HTTP][39m [37m<-- POST /wd/hub/session/579395bb-1a6e-42a8-b08e-33ab0e67896b/elements [39m[32m200[39m [90m52 ms - 139[39m
[35m[HTTP][39m [90m[39m
[35m[HTTP][39m [37m-->[39m [37mGET[39m [37m/wd/hub/session/579395bb-1a6e-42a8-b08e-33ab0e67896b/window/rect[39m
[35m[HTTP][39m [90m{}[39m
[35m[HTTP][39m [37m<-- GET /wd/hub/session/579395bb-1a6e-42a8-b08e-33ab0e67896b/window/rect [39m[32m200[39m [90m9 ms - 50[39m
[35m[HTTP][39m [90m[39m
[35m[HTTP][39m [37m-->[39m [37mPOST[39m [37m/wd/hub/session/579395bb-1a6e-42a8-b08e-33ab0e67896b/elements[39m
[35m[HTTP][39m [90m{"using":"xpath","value":"//*[@class = 'android.widget.EditText' and (@text = 'radengunado@gmail.com, Email' or . = 'radengunado@gmail.com, Email') and @resource-id = '']"}[39m
[35m[HTTP][39m [37m<-- POST /wd/hub/session/579395bb-1a6e-42a8-b08e-33ab0e67896b/elements [39m[32m200[39m [90m56 ms - 139[39m
[35m[HTTP][39m [90m[39m
[35m[HTTP][39m [37m-->[39m [37mGET[39m [37m/wd/hub/session/579395bb-1a6e-42a8-b08e-33ab0e67896b/element/00000000-0000-008d-0000-002b00000003/location[39m
[35m[HTTP][39m [90m{}[39m
[35m[W3C (579395bb)][39m Driver proxy active, passing request on via HTTP proxy
[35m[WD Proxy][39m Replacing sessionId 033d6950-eedc-4561-bf5f-bfb800405d6a with 579395bb-1a6e-42a8-b08e-33ab0e67896b
[35m[HTTP][39m [37m<-- GET /wd/hub/session/579395bb-1a6e-42a8-b08e-33ab0e67896b/element/00000000-0000-008d-0000-002b00000003/location [39m[32m200[39m [90m14 ms - 77[39m
[35m[HTTP][39m [90m[39m
[35m[HTTP][39m [37m-->[39m [37mPOST[39m [37m/wd/hub/session/579395bb-1a6e-42a8-b08e-33ab0e67896b/element/00000000-0000-008d-0000-002b00000003/click[39m
[35m[HTTP][39m [90m{"id":"00000000-0000-008d-0000-002b00000003"}[39m
[35m[HTTP][39m [37m<-- POST /wd/hub/session/579395bb-1a6e-42a8-b08e-33ab0e67896b/element/00000000-0000-008d-0000-002b00000003/click [39m[32m200[39m [90m44 ms - 14[39m
[35m[HTTP][39m [90m[39m
[35m[HTTP][39m [37m-->[39m [37mGET[39m [37m/wd/hub/session/579395bb-1a6e-42a8-b08e-33ab0e67896b/source[39m
[35m[HTTP][39m [90m{}[39m
[35m[W3C (579395bb)][39m Driver proxy active, passing request on via HTTP proxy
[35m[WD Proxy][39m Replacing sessionId 033d6950-eedc-4561-bf5f-bfb800405d6a with 579395bb-1a6e-42a8-b08e-33ab0e67896b
[35m[HTTP][39m [37m<-- GET /wd/hub/session/579395bb-1a6e-42a8-b08e-33ab0e67896b/source [39m[32m200[39m [90m334 ms - 6993[39m
[35m[HTTP][39m [90m[39m
[35m[HTTP][39m [37m-->[39m [37mGET[39m [37m/wd/hub/session/579395bb-1a6e-42a8-b08e-33ab0e67896b/screenshot[39m
[35m[HTTP][39m [90m{}[39m
[35m[HTTP][39m [37m<-- GET /wd/hub/session/579395bb-1a6e-42a8-b08e-33ab0e67896b/screenshot [39m[32m200[39m [90m262 ms - 163604[39m
[35m[HTTP][39m [90m[39m
[35m[HTTP][39m [37m-->[39m [37mPOST[39m [37m/wd/hub/session/579395bb-1a6e-42a8-b08e-33ab0e67896b/elements[39m
[35m[HTTP][39m [90m{"using":"xpath","value":"//*[@class = 'android.widget.EditText' and (@text = 'Email' or . = 'Email') and @resource-id = '']"}[39m
[35m[HTTP][39m [37m<-- POST /wd/hub/session/579395bb-1a6e-42a8-b08e-33ab0e67896b/elements [39m[32m200[39m [90m54 ms - 139[39m
[35m[HTTP][39m [90m[39m
[35m[HTTP][39m [37m-->[39m [37mGET[39m [37m/wd/hub/session/579395bb-1a6e-42a8-b08e-33ab0e67896b/window/rect[39m
[35m[HTTP][39m [90m{}[39m
[35m[HTTP][39m [37m<-- GET /wd/hub/session/579395bb-1a6e-42a8-b08e-33ab0e67896b/window/rect [39m[32m200[39m [90m10 ms - 50[39m
[35m[HTTP][39m [90m[39m
[35m[HTTP][39m [37m-->[39m [37mPOST[39m [37m/wd/hub/session/579395bb-1a6e-42a8-b08e-33ab0e67896b/elements[39m
[35m[HTTP][39m [90m{"using":"xpath","value":"//*[@class = 'android.widget.EditText' and (@text = 'Email' or . = 'Email') and @resource-id = '']"}[39m
[35m[HTTP][39m [37m<-- POST /wd/hub/session/579395bb-1a6e-42a8-b08e-33ab0e67896b/elements [39m[32m200[39m [90m54 ms - 139[39m
[35m[HTTP][39m [90m[39m
[35m[HTTP][39m [37m-->[39m [37mGET[39m [37m/wd/hub/session/579395bb-1a6e-42a8-b08e-33ab0e67896b/element/00000000-0000-008d-0000-002b00000003/location[39m
[35m[HTTP][39m [90m{}[39m
[35m[W3C (579395bb)][39m Driver proxy active, passing request on via HTTP proxy
[35m[WD Proxy][39m Replacing sessionId 033d6950-eedc-4561-bf5f-bfb800405d6a with 579395bb-1a6e-42a8-b08e-33ab0e67896b
[35m[HTTP][39m [37m<-- GET /wd/hub/session/579395bb-1a6e-42a8-b08e-33ab0e67896b/element/00000000-0000-008d-0000-002b00000003/location [39m[32m200[39m [90m15 ms - 77[39m
[35m[HTTP][39m [90m[39m
[35m[HTTP][39m [37m-->[39m [37mPOST[39m [37m/wd/hub/session/579395bb-1a6e-42a8-b08e-33ab0e67896b/element/00000000-0000-008d-0000-002b00000003/clear[39m
[35m[HTTP][39m [90m{"id":"00000000-0000-008d-0000-002b00000003"}[39m
[35m[HTTP][39m [37m<-- POST /wd/hub/session/579395bb-1a6e-42a8-b08e-33ab0e67896b/element/00000000-0000-008d-0000-002b00000003/clear [39m[32m200[39m [90m13 ms - 14[39m
[35m[HTTP][39m [90m[39m
[35m[HTTP][39m [37m-->[39m [37mPOST[39m [37m/wd/hub/session/579395bb-1a6e-42a8-b08e-33ab0e67896b/element/00000000-0000-008d-0000-002b00000003/value[39m
[35m[HTTP][39m [90m{"id":"00000000-0000-008d-0000-002b00000003","text":"radengunado@gmail.com","value":["r","a","d","e","n","g","u","n","a","d","o","@","g","m","a","i","l",".","c","o","m"]}[39m
[35m[HTTP][39m [37m<-- POST /wd/hub/session/579395bb-1a6e-42a8-b08e-33ab0e67896b/element/00000000-0000-008d-0000-002b00000003/value [39m[32m200[39m [90m23 ms - 14[39m
[35m[HTTP][39m [90m[39m
[35m[HTTP][39m [37m-->[39m [37mGET[39m [37m/wd/hub/session/579395bb-1a6e-42a8-b08e-33ab0e67896b/source[39m
[35m[HTTP][39m [90m{}[39m
[35m[W3C (579395bb)][39m Driver proxy active, passing request on via HTTP proxy
[35m[WD Proxy][39m Replacing sessionId 033d6950-eedc-4561-bf5f-bfb800405d6a with 579395bb-1a6e-42a8-b08e-33ab0e67896b
[35m[HTTP][39m [37m<-- GET /wd/hub/session/579395bb-1a6e-42a8-b08e-33ab0e67896b/source [39m[32m200[39m [90m38 ms - 7016[39m
[35m[HTTP][39m [90m[39m
[35m[HTTP][39m [37m-->[39m [37mGET[39m [37m/wd/hub/session/579395bb-1a6e-42a8-b08e-33ab0e67896b/screenshot[39m
[35m[HTTP][39m [90m{}[39m
[35m[HTTP][39m [37m<-- GET /wd/hub/session/579395bb-1a6e-42a8-b08e-33ab0e67896b/screenshot [39m[32m200[39m [90m266 ms - 180344[39m
[35m[HTTP][39m [90m[39m
[35m[HTTP][39m [37m-->[39m [37mPOST[39m [37m/wd/hub/session/579395bb-1a6e-42a8-b08e-33ab0e67896b/elements[39m
[35m[HTTP][39m [90m{"using":"xpath","value":"//*[@class = 'android.widget.EditText' and (@text = 'Password' or . = 'Password') and @resource-id = '']"}[39m
[35m[HTTP][39m [37m<-- POST /wd/hub/session/579395bb-1a6e-42a8-b08e-33ab0e67896b/elements [39m[32m200[39m [90m48 ms - 139[39m
[35m[HTTP][39m [90m[39m
[35m[HTTP][39m [37m-->[39m [37mGET[39m [37m/wd/hub/session/579395bb-1a6e-42a8-b08e-33ab0e67896b/window/rect[39m
[35m[HTTP][39m [90m{}[39m
[35m[HTTP][39m [37m<-- GET /wd/hub/session/579395bb-1a6e-42a8-b08e-33ab0e67896b/window/rect [39m[32m200[39m [90m10 ms - 50[39m
[35m[HTTP][39m [90m[39m
[35m[HTTP][39m [37m-->[39m [37mPOST[39m [37m/wd/hub/session/579395bb-1a6e-42a8-b08e-33ab0e67896b/elements[39m
[35m[HTTP][39m [90m{"using":"xpath","value":"//*[@class = 'android.widget.EditText' and (@text = 'Password' or . = 'Password') and @resource-id = '']"}[39m
[35m[HTTP][39m [37m<-- POST /wd/hub/session/579395bb-1a6e-42a8-b08e-33ab0e67896b/elements [39m[32m200[39m [90m48 ms - 139[39m
[35m[HTTP][39m [90m[39m
[35m[HTTP][39m [37m-->[39m [37mGET[39m [37m/wd/hub/session/579395bb-1a6e-42a8-b08e-33ab0e67896b/element/00000000-0000-008d-0000-002c00000003/location[39m
[35m[HTTP][39m [90m{}[39m
[35m[W3C (579395bb)][39m Driver proxy active, passing request on via HTTP proxy
[35m[WD Proxy][39m Replacing sessionId 033d6950-eedc-4561-bf5f-bfb800405d6a with 579395bb-1a6e-42a8-b08e-33ab0e67896b
[35m[HTTP][39m [37m<-- GET /wd/hub/session/579395bb-1a6e-42a8-b08e-33ab0e67896b/element/00000000-0000-008d-0000-002c00000003/location [39m[32m200[39m [90m16 ms - 77[39m
[35m[HTTP][39m [90m[39m
[35m[HTTP][39m [37m-->[39m [37mPOST[39m [37m/wd/hub/session/579395bb-1a6e-42a8-b08e-33ab0e67896b/element/00000000-0000-008d-0000-002c00000003/click[39m
[35m[HTTP][39m [90m{"id":"00000000-0000-008d-0000-002c00000003"}[39m
[35m[HTTP][39m [37m<-- POST /wd/hub/session/579395bb-1a6e-42a8-b08e-33ab0e67896b/element/00000000-0000-008d-0000-002c00000003/click [39m[32m200[39m [90m48 ms - 14[39m
[35m[HTTP][39m [90m[39m
[35m[HTTP][39m [37m-->[39m [37mGET[39m [37m/wd/hub/session/579395bb-1a6e-42a8-b08e-33ab0e67896b/source[39m
[35m[HTTP][39m [90m{}[39m
[35m[W3C (579395bb)][39m Driver proxy active, passing request on via HTTP proxy
[35m[WD Proxy][39m Replacing sessionId 033d6950-eedc-4561-bf5f-bfb800405d6a with 579395bb-1a6e-42a8-b08e-33ab0e67896b
[35m[HTTP][39m [37m<-- GET /wd/hub/session/579395bb-1a6e-42a8-b08e-33ab0e67896b/source [39m[32m200[39m [90m184 ms - 7016[39m
[35m[HTTP][39m [90m[39m
[35m[HTTP][39m [37m-->[39m [37mGET[39m [37m/wd/hub/session/579395bb-1a6e-42a8-b08e-33ab0e67896b/screenshot[39m
[35m[HTTP][39m [90m{}[39m
[35m[HTTP][39m [37m<-- GET /wd/hub/session/579395bb-1a6e-42a8-b08e-33ab0e67896b/screenshot [39m[32m200[39m [90m254 ms - 171276[39m
[35m[HTTP][39m [90m[39m
[35m[HTTP][39m [37m-->[39m [37mPOST[39m [37m/wd/hub/session/579395bb-1a6e-42a8-b08e-33ab0e67896b/elements[39m
[35m[HTTP][39m [90m{"using":"xpath","value":"//*[@class = 'android.widget.EditText' and (@text = 'Password' or . = 'Password') and @resource-id = '']"}[39m
[35m[HTTP][39m [37m<-- POST /wd/hub/session/579395bb-1a6e-42a8-b08e-33ab0e67896b/elements [39m[32m200[39m [90m37 ms - 139[39m
[35m[HTTP][39m [90m[39m
[35m[HTTP][39m [37m-->[39m [37mGET[39m [37m/wd/hub/session/579395bb-1a6e-42a8-b08e-33ab0e67896b/window/rect[39m
[35m[HTTP][39m [90m{}[39m
[35m[HTTP][39m [37m<-- GET /wd/hub/session/579395bb-1a6e-42a8-b08e-33ab0e67896b/window/rect [39m[32m200[39m [90m8 ms - 50[39m
[35m[HTTP][39m [90m[39m
[35m[HTTP][39m [37m-->[39m [37mPOST[39m [37m/wd/hub/session/579395bb-1a6e-42a8-b08e-33ab0e67896b/elements[39m
[35m[HTTP][39m [90m{"using":"xpath","value":"//*[@class = 'android.widget.EditText' and (@text = 'Password' or . = 'Password') and @resource-id = '']"}[39m
[35m[HTTP][39m [37m<-- POST /wd/hub/session/579395bb-1a6e-42a8-b08e-33ab0e67896b/elements [39m[32m200[39m [90m39 ms - 139[39m
[35m[HTTP][39m [90m[39m
[35m[HTTP][39m [37m-->[39m [37mGET[39m [37m/wd/hub/session/579395bb-1a6e-42a8-b08e-33ab0e67896b/element/00000000-0000-008d-0000-002c00000003/location[39m
[35m[HTTP][39m [90m{}[39m
[35m[W3C (579395bb)][39m Driver proxy active, passing request on via HTTP proxy
[35m[WD Proxy][39m Replacing sessionId 033d6950-eedc-4561-bf5f-bfb800405d6a with 579395bb-1a6e-42a8-b08e-33ab0e67896b
[35m[HTTP][39m [37m<-- GET /wd/hub/session/579395bb-1a6e-42a8-b08e-33ab0e67896b/element/00000000-0000-008d-0000-002c00000003/location [39m[32m200[39m [90m15 ms - 77[39m
[35m[HTTP][39m [90m[39m
[35m[HTTP][39m [37m-->[39m [37mPOST[39m [37m/wd/hub/session/579395bb-1a6e-42a8-b08e-33ab0e67896b/element/00000000-0000-008d-0000-002c00000003/clear[39m
[35m[HTTP][39m [90m{"id":"00000000-0000-008d-0000-002c00000003"}[39m
[35m[HTTP][39m [37m<-- POST /wd/hub/session/579395bb-1a6e-42a8-b08e-33ab0e67896b/element/00000000-0000-008d-0000-002c00000003/clear [39m[32m200[39m [90m15 ms - 14[39m
[35m[HTTP][39m [90m[39m
[35m[HTTP][39m [37m-->[39m [37mPOST[39m [37m/wd/hub/session/579395bb-1a6e-42a8-b08e-33ab0e67896b/element/00000000-0000-008d-0000-002c00000003/value[39m
[35m[HTTP][39m [90m{"id":"00000000-0000-008d-0000-002c00000003","text":"passWord123","value":["p","a","s","s","W","o","r","d","1","2","3"]}[39m
[35m[HTTP][39m [37m<-- POST /wd/hub/session/579395bb-1a6e-42a8-b08e-33ab0e67896b/element/00000000-0000-008d-0000-002c00000003/value [39m[32m200[39m [90m20 ms - 14[39m
[35m[HTTP][39m [90m[39m
[35m[HTTP][39m [37m-->[39m [37mGET[39m [37m/wd/hub/session/579395bb-1a6e-42a8-b08e-33ab0e67896b/source[39m
[35m[HTTP][39m [90m{}[39m
[35m[W3C (579395bb)][39m Driver proxy active, passing request on via HTTP proxy
[35m[WD Proxy][39m Replacing sessionId 033d6950-eedc-4561-bf5f-bfb800405d6a with 579395bb-1a6e-42a8-b08e-33ab0e67896b
[35m[HTTP][39m [37m<-- GET /wd/hub/session/579395bb-1a6e-42a8-b08e-33ab0e67896b/source [39m[32m200[39m [90m94 ms - 7029[39m
[35m[HTTP][39m [90m[39m
[35m[HTTP][39m [37m-->[39m [37mGET[39m [37m/wd/hub/session/579395bb-1a6e-42a8-b08e-33ab0e67896b/screenshot[39m
[35m[HTTP][39m [90m{}[39m
[35m[HTTP][39m [37m<-- GET /wd/hub/session/579395bb-1a6e-42a8-b08e-33ab0e67896b/screenshot [39m[32m200[39m [90m254 ms - 182020[39m
[35m[HTTP][39m [90m[39m
[35m[HTTP][39m [37m-->[39m [37mPOST[39m [37m/wd/hub/session/579395bb-1a6e-42a8-b08e-33ab0e67896b/elements[39m
[35m[HTTP][39m [90m{"using":"xpath","value":"//*[@class = 'android.widget.Button' and @resource-id = '' and (@text = '' or . = '')]"}[39m
[35m[HTTP][39m [37m<-- POST /wd/hub/session/579395bb-1a6e-42a8-b08e-33ab0e67896b/elements [39m[32m200[39m [90m44 ms - 395[39m
[35m[HTTP][39m [90m[39m
[35m[HTTP][39m [37m-->[39m [37mPOST[39m [37m/wd/hub/session/579395bb-1a6e-42a8-b08e-33ab0e67896b/elements[39m
[35m[HTTP][39m [90m{"using":"accessibility id","value":"Login"}[39m
[35m[HTTP][39m [37m<-- POST /wd/hub/session/579395bb-1a6e-42a8-b08e-33ab0e67896b/elements [39m[32m200[39m [90m17 ms - 267[39m
[35m[HTTP][39m [90m[39m
[35m[HTTP][39m [37m-->[39m [37mPOST[39m [37m/wd/hub/session/579395bb-1a6e-42a8-b08e-33ab0e67896b/elements[39m
[35m[HTTP][39m [90m{"using":"-android uiautomator","value":"new UiSelector().className(\"android.widget.Button\").resourceId(\"\")"}[39m
[35m[HTTP][39m [37m<-- POST /wd/hub/session/579395bb-1a6e-42a8-b08e-33ab0e67896b/elements [39m[32m200[39m [90m39 ms - 395[39m
[35m[HTTP][39m [90m[39m
[35m[HTTP][39m [37m-->[39m [37mGET[39m [37m/wd/hub/session/579395bb-1a6e-42a8-b08e-33ab0e67896b/window/rect[39m
[35m[HTTP][39m [90m{}[39m
[35m[HTTP][39m [37m<-- GET /wd/hub/session/579395bb-1a6e-42a8-b08e-33ab0e67896b/window/rect [39m[32m200[39m [90m8 ms - 50[39m
[35m[HTTP][39m [90m[39m
[35m[HTTP][39m [37m-->[39m [37mPOST[39m [37m/wd/hub/session/579395bb-1a6e-42a8-b08e-33ab0e67896b/elements[39m
[35m[HTTP][39m [90m{"using":"xpath","value":"//hierarchy/android.widget.FrameLayout[1]/android.widget.LinearLayout[1]/android.widget.FrameLayout[1]/android.widget.FrameLayout[1]/android.view.View[1]/android.view.View[1]/android.view.View[1]/android.view.View[1]/android.widget.Button[1]"}[39m
[35m[HTTP][39m [37m<-- POST /wd/hub/session/579395bb-1a6e-42a8-b08e-33ab0e67896b/elements [39m[32m200[39m [90m38 ms - 139[39m
[35m[HTTP][39m [90m[39m
[35m[HTTP][39m [37m-->[39m [37mGET[39m [37m/wd/hub/session/579395bb-1a6e-42a8-b08e-33ab0e67896b/element/00000000-0000-008d-0000-002d00000003/location[39m
[35m[HTTP][39m [90m{}[39m
[35m[W3C (579395bb)][39m Driver proxy active, passing request on via HTTP proxy
[35m[WD Proxy][39m Replacing sessionId 033d6950-eedc-4561-bf5f-bfb800405d6a with 579395bb-1a6e-42a8-b08e-33ab0e67896b
[35m[HTTP][39m [37m<-- GET /wd/hub/session/579395bb-1a6e-42a8-b08e-33ab0e67896b/element/00000000-0000-008d-0000-002d00000003/location [39m[32m200[39m [90m16 ms - 78[39m
[35m[HTTP][39m [90m[39m
[35m[HTTP][39m [37m-->[39m [37mPOST[39m [37m/wd/hub/session/579395bb-1a6e-42a8-b08e-33ab0e67896b/element/00000000-0000-008d-0000-002d00000003/click[39m
[35m[HTTP][39m [90m{"id":"00000000-0000-008d-0000-002d00000003"}[39m
[35m[HTTP][39m [37m<-- POST /wd/hub/session/579395bb-1a6e-42a8-b08e-33ab0e67896b/element/00000000-0000-008d-0000-002d00000003/click [39m[32m200[39m [90m48 ms - 14[39m
[35m[HTTP][39m [90m[39m
[35m[HTTP][39m [37m-->[39m [37mGET[39m [37m/wd/hub/session/579395bb-1a6e-42a8-b08e-33ab0e67896b/source[39m
[35m[HTTP][39m [90m{}[39m
[35m[W3C (579395bb)][39m Driver proxy active, passing request on via HTTP proxy
[35m[WD Proxy][39m Replacing sessionId 033d6950-eedc-4561-bf5f-bfb800405d6a with 579395bb-1a6e-42a8-b08e-33ab0e67896b
[35m[HTTP][39m [37m<-- GET /wd/hub/session/579395bb-1a6e-42a8-b08e-33ab0e67896b/source [39m[32m200[39m [90m25 ms - 7029[39m
[35m[HTTP][39m [90m[39m
[35m[HTTP][39m [37m-->[39m [37mGET[39m [37m/wd/hub/session/579395bb-1a6e-42a8-b08e-33ab0e67896b/screenshot[39m
[35m[HTTP][39m [90m{}[39m
[35m[HTTP][39m [37m<-- GET /wd/hub/session/579395bb-1a6e-42a8-b08e-33ab0e67896b/screenshot [39m[32m200[39m [90m275 ms - 182184[39m
[35m[HTTP][39m [90m[39m
[35m[HTTP][39m [37m-->[39m [37mGET[39m [37m/wd/hub/session/579395bb-1a6e-42a8-b08e-33ab0e67896b/source[39m
[35m[HTTP][39m [90m{}[39m
[35m[W3C (579395bb)][39m Driver proxy active, passing request on via HTTP proxy
[35m[WD Proxy][39m Replacing sessionId 033d6950-eedc-4561-bf5f-bfb800405d6a with 579395bb-1a6e-42a8-b08e-33ab0e67896b
[35m[HTTP][39m [37m<-- GET /wd/hub/session/579395bb-1a6e-42a8-b08e-33ab0e67896b/source [39m[32m200[39m [90m50 ms - 16229[39m
[35m[HTTP][39m [90m[39m
[35m[HTTP][39m [37m-->[39m [37mGET[39m [37m/wd/hub/session/579395bb-1a6e-42a8-b08e-33ab0e67896b/screenshot[39m
[35m[HTTP][39m [90m{}[39m
[35m[HTTP][39m [37m<-- GET /wd/hub/session/579395bb-1a6e-42a8-b08e-33ab0e67896b/screenshot [39m[32m200[39m [90m268 ms - 204410[39m
[35m[HTTP][39m [90m[39m
[35m[HTTP][39m [37m-->[39m [37mPOST[39m [37m/wd/hub/session/579395bb-1a6e-42a8-b08e-33ab0e67896b/elements[39m
[35m[HTTP][39m [90m{"using":"xpath","value":"//*[@class = 'android.widget.Button' and @resource-id = '' and (@text = '' or . = '')]"}[39m
[35m[HTTP][39m [37m<-- POST /wd/hub/session/579395bb-1a6e-42a8-b08e-33ab0e67896b/elements [39m[32m200[39m [90m61 ms - 779[39m
[35m[HTTP][39m [90m[39m
[35m[HTTP][39m [37m-->[39m [37mPOST[39m [37m/wd/hub/session/579395bb-1a6e-42a8-b08e-33ab0e67896b/elements[39m
[35m[HTTP][39m [90m{"using":"accessibility id","value":"Beli"}[39m
[35m[HTTP][39m [37m<-- POST /wd/hub/session/579395bb-1a6e-42a8-b08e-33ab0e67896b/elements [39m[32m200[39m [90m17 ms - 523[39m
[35m[HTTP][39m [90m[39m
[35m[HTTP][39m [37m-->[39m [37mPOST[39m [37m/wd/hub/session/579395bb-1a6e-42a8-b08e-33ab0e67896b/elements[39m
[35m[HTTP][39m [90m{"using":"-android uiautomator","value":"new UiSelector().className(\"android.widget.Button\").resourceId(\"\")"}[39m
[35m[HTTP][39m [37m<-- POST /wd/hub/session/579395bb-1a6e-42a8-b08e-33ab0e67896b/elements [39m[32m200[39m [90m42 ms - 779[39m
[35m[HTTP][39m [90m[39m
[35m[HTTP][39m [37m-->[39m [37mGET[39m [37m/wd/hub/session/579395bb-1a6e-42a8-b08e-33ab0e67896b/window/rect[39m
[35m[HTTP][39m [90m{}[39m
[35m[HTTP][39m [37m<-- GET /wd/hub/session/579395bb-1a6e-42a8-b08e-33ab0e67896b/window/rect [39m[32m200[39m [90m8 ms - 50[39m
[35m[HTTP][39m [90m[39m
[35m[HTTP][39m [37m-->[39m [37mPOST[39m [37m/wd/hub/session/579395bb-1a6e-42a8-b08e-33ab0e67896b/elements[39m
[35m[HTTP][39m [90m{"using":"xpath","value":"//hierarchy/android.widget.FrameLayout[1]/android.widget.LinearLayout[1]/android.widget.FrameLayout[1]/android.widget.FrameLayout[1]/android.view.View[1]/android.view.View[1]/android.view.View[1]/android.view.View[1]/android.view.View[2]/android.widget.ScrollView[1]/android.view.View[1]/android.view.View[1]/android.widget.Button[1]"}[39m
[35m[HTTP][39m [37m<-- POST /wd/hub/session/579395bb-1a6e-42a8-b08e-33ab0e67896b/elements [39m[32m200[39m [90m43 ms - 139[39m
[35m[HTTP][39m [90m[39m
[35m[HTTP][39m [37m-->[39m [37mGET[39m [37m/wd/hub/session/579395bb-1a6e-42a8-b08e-33ab0e67896b/element/00000000-0000-008d-0000-000d00000003/location[39m
[35m[HTTP][39m [90m{}[39m
[35m[W3C (579395bb)][39m Driver proxy active, passing request on via HTTP proxy
[35m[WD Proxy][39m Replacing sessionId 033d6950-eedc-4561-bf5f-bfb800405d6a with 579395bb-1a6e-42a8-b08e-33ab0e67896b
[35m[HTTP][39m [37m<-- GET /wd/hub/session/579395bb-1a6e-42a8-b08e-33ab0e67896b/element/00000000-0000-008d-0000-000d00000003/location [39m[32m200[39m [90m14 ms - 77[39m
[35m[HTTP][39m [90m[39m
[35m[HTTP][39m [37m-->[39m [37mPOST[39m [37m/wd/hub/session/579395bb-1a6e-42a8-b08e-33ab0e67896b/element/00000000-0000-008d-0000-000d00000003/click[39m
[35m[HTTP][39m [90m{"id":"00000000-0000-008d-0000-000d00000003"}[39m
[35m[HTTP][39m [37m<-- POST /wd/hub/session/579395bb-1a6e-42a8-b08e-33ab0e67896b/element/00000000-0000-008d-0000-000d00000003/click [39m[32m200[39m [90m38 ms - 14[39m
[35m[HTTP][39m [90m[39m
[35m[HTTP][39m [37m-->[39m [37mGET[39m [37m/wd/hub/session/579395bb-1a6e-42a8-b08e-33ab0e67896b/source[39m
[35m[HTTP][39m [90m{}[39m
[35m[W3C (579395bb)][39m Driver proxy active, passing request on via HTTP proxy
[35m[WD Proxy][39m Replacing sessionId 033d6950-eedc-4561-bf5f-bfb800405d6a with 579395bb-1a6e-42a8-b08e-33ab0e67896b
[35m[HTTP][39m [37m<-- GET /wd/hub/session/579395bb-1a6e-42a8-b08e-33ab0e67896b/source [39m[32m200[39m [90m42 ms - 16229[39m
[35m[HTTP][39m [90m[39m
[35m[HTTP][39m [37m-->[39m [37mGET[39m [37m/wd/hub/session/579395bb-1a6e-42a8-b08e-33ab0e67896b/screenshot[39m
[35m[HTTP][39m [90m{}[39m
[35m[HTTP][39m [37m<-- GET /wd/hub/session/579395bb-1a6e-42a8-b08e-33ab0e67896b/screenshot [39m[32m200[39m [90m255 ms - 203272[39m
[35m[HTTP][39m [90m[39m
[35m[HTTP][39m [37m-->[39m [37mDELETE[39m [37m/wd/hub/session/579395bb-1a6e-42a8-b08e-33ab0e67896b[39m
[35m[HTTP][39m [90m{}[39m
[35m[Appium][39m Removing session 579395bb-1a6e-42a8-b08e-33ab0e67896b from our master session list
[35m[UiAutomator2][39m Restoring hidden api policy to the device default configuration
[35m[HTTP][39m [37m<-- DELETE /wd/hub/session/579395bb-1a6e-42a8-b08e-33ab0e67896b [39m[32m200[39m [90m312 ms - 14[39m
[35m[HTTP][39m [90m[39m
